生成启动时间为 2013/4/11 23:12:57。
     1>项目“D:\IncludeLib\ann_1.1.2\MS_Win64\dll\dll.vcxproj”在节点 2 上(rebuild 个目标)。
     1>_PrepareForClean:
         正在删除文件“.\Debug\dll.lastbuildstate”。
       InitializeBuildStatus:
         正在创建“.\Debug\dll.unsuccessfulbuild”，因为已指定“AlwaysCreate”。
       ClCompile:
         C:\Program Files (x86)\Microsoft Visual Studio 10.0\VC\bin\x86_amd64\CL.exe /c /I..\..\include /Zi /nologo /W3 /WX- /Od /D WIN32 /D _DEBUG /D _WINDOWS /D _MBCS /D _USRDLL /D DLL_EXPORTS /D WIN32 /D _DEBUG /D _WINDOWS /D _USRDLL /D DLL_EXPORTS /D ANN_PERF /D ANN_NO_RANDOM /D _VC80_UPGRADE=0x0710 /D _WINDLL /D _MBCS /Gm- /EHsc /RTC1 /MTd /GS /fp:precise /Zc:wchar_t /Zc:forScope /Fo".\Debug/" /Fd".\Debug/vc100.pdb" /Gd /TP /errorReport:prompt ..\..\src\ANN.cpp ..\..\src\bd_pr_search.cpp ..\..\src\bd_search.cpp ..\..\src\bd_tree.cpp ..\..\src\brute.cpp ..\..\src\kd_pr_search.cpp ..\..\src\kd_search.cpp ..\..\src\kd_split.cpp ..\..\src\kd_tree.cpp ..\..\src\kd_util.cpp ..\..\src\perf.cpp
         ANN.cpp
         bd_pr_search.cpp
         bd_search.cpp
         bd_tree.cpp
         brute.cpp
         kd_pr_search.cpp
         kd_search.cpp
         kd_split.cpp
         kd_tree.cpp
         kd_util.cpp
         perf.cpp
         Generating Code...
         C:\Program Files (x86)\Microsoft Visual Studio 10.0\VC\bin\x86_amd64\CL.exe /c /I..\..\include /Zi /nologo /W3 /WX- /Od /D WIN32 /D _DEBUG /D _WINDOWS /D _USRDLL /D DLL_EXPORTS /D ANN_PERF /D ANN_NO_RANDOM /D _VC80_UPGRADE=0x0710 /D _WINDLL /D _MBCS /Gm- /EHsc /RTC1 /MTd /GS /fp:precise /Zc:wchar_t /Zc:forScope /Fo".\Debug/" /Fd".\Debug/vc100.pdb" /Gd /TP /errorReport:prompt ..\..\src\bd_fix_rad_search.cpp ..\..\src\kd_dump.cpp ..\..\src\kd_fix_rad_search.cpp
         bd_fix_rad_search.cpp
         kd_dump.cpp
         kd_fix_rad_search.cpp
         Generating Code...
     1>C:\Program Files (x86)\MSBuild\Microsoft.Cpp\v4.0\Microsoft.CppBuild.targets(990,5): warning MSB8012: TargetPath(D:\IncludeLib\ann_1.1.2\MS_Win64\dll\.\Debug\dll.dll) 与 Linker 的 OutputFile 属性值(D:\IncludeLib\ann_1.1.2\MS_Win64\bin\ANN.dll)不匹配。这可能导致项目生成不正确。若要更正此问题，请确保 $(OutDir)、$(TargetName) 和 $(TargetExt) 属性值与 %(Link.OutputFile) 中指定的值匹配。
     1>C:\Program Files (x86)\MSBuild\Microsoft.Cpp\v4.0\Microsoft.CppBuild.targets(992,5): warning MSB8012: TargetName(dll) 与 Linker 的 OutputFile 属性值(ANN)不匹配。这可能导致项目生成不正确。若要更正此问题，请确保 $(OutDir)、$(TargetName) 和 $(TargetExt) 属性值与 %(Link.OutputFile) 中指定的值匹配。
       Link:
         C:\Program Files (x86)\Microsoft Visual Studio 10.0\VC\bin\x86_amd64\link.exe /ERRORREPORT:PROMPT /OUT:"..\bin\ANN.dll" /NOLOGO kernel32.lib user32.lib gdi32.lib winspool.lib comdlg32.lib advapi32.lib shell32.lib ole32.lib oleaut32.lib uuid.lib odbc32.lib odbccp32.lib /MANIFEST /ManifestFile:".\Debug\dll.dll.intermediate.manifest" /MANIFESTUAC:"level='asInvoker' uiAccess='false'" /DEBUG /PDB:".\Debug\ANN.pdb" /TLBID:1 /DYNAMICBASE:NO /IMPLIB:".\Debug\ANN.lib" /MACHINE:X64 /DLL .\Debug/ANN.obj
         .\Debug/bd_fix_rad_search.obj
         .\Debug/bd_pr_search.obj
         .\Debug/bd_search.obj
         .\Debug/bd_tree.obj
         .\Debug/brute.obj
         .\Debug/kd_dump.obj
         .\Debug/kd_fix_rad_search.obj
         .\Debug/kd_pr_search.obj
         .\Debug/kd_search.obj
         .\Debug/kd_split.obj
         .\Debug/kd_tree.obj
         .\Debug/kd_util.obj
         .\Debug/perf.obj
            正在创建库 .\Debug\ANN.lib 和对象 .\Debug\ANN.exp
         dll.vcxproj -> D:\IncludeLib\ann_1.1.2\MS_Win64\dll\.\Debug\dll.dll
       Manifest:
         C:\Program Files (x86)\Microsoft SDKs\Windows\v7.0A\bin\mt.exe /nologo /verbose /outputresource:"..\bin\ANN.dll;#2" /manifest .\Debug\dll.dll.intermediate.manifest
       FinalizeBuildStatus:
         正在删除文件“.\Debug\dll.unsuccessfulbuild”。
         正在对“.\Debug\dll.lastbuildstate”执行 Touch 任务。
     1>已完成生成项目“D:\IncludeLib\ann_1.1.2\MS_Win64\dll\dll.vcxproj”(rebuild 个目标)的操作。

生成成功。

已用时间 00:00:03.89
