C:\USERS\MEISU\DESKTOP\POINTCLOUDPROCESSINGTRUONG\POINT-CLOUD_PROCESING_1_0\POINT_CLOUD_1_0_SOURCE_CODE\DEBUG\POINTCLOUD.EXE\POINTCLOUD.EXE
C:\USERS\MEISU\DESKTOP\POINTCLOUDPROCESSINGTRUONG\POINT-CLOUD_PROCESING_1_0\POINT_CLOUD_1_0_SOURCE_CODE\DEBUG\POINTCLOUD.EXE\POINTCLOUD.PDB
C:\USERS\MEISU\DESKTOP\POINTCLOUDPROCESSINGTRUONG\POINT-CLOUD_PROCESING_1_0\POINT_CLOUD_1_0_SOURCE_CODE\POINT CLOUD\DEBUG\CALCULATIONTHREAD.OBJ
C:\Users\meisu\Desktop\PointCloudProcessingTruong\Point-Cloud_Procesing_1_0\point_cloud_1_0_source_code\Point Cloud\Debug\cl.command.1.tlog
C:\Users\meisu\Desktop\PointCloudProcessingTruong\Point-Cloud_Procesing_1_0\point_cloud_1_0_source_code\Point Cloud\Debug\CL.read.1.tlog
C:\Users\meisu\Desktop\PointCloudProcessingTruong\Point-Cloud_Procesing_1_0\point_cloud_1_0_source_code\Point Cloud\Debug\CL.write.1.tlog
C:\USERS\MEISU\DESKTOP\POINTCLOUDPROCESSINGTRUONG\POINT-CLOUD_PROCESING_1_0\POINT_CLOUD_1_0_SOURCE_CODE\POINT CLOUD\DEBUG\CONSOLE.OBJ
C:\Users\meisu\Desktop\PointCloudProcessingTruong\Point-Cloud_Procesing_1_0\point_cloud_1_0_source_code\Point Cloud\Debug\custombuild.command.1.tlog
C:\Users\meisu\Desktop\PointCloudProcessingTruong\Point-Cloud_Procesing_1_0\point_cloud_1_0_source_code\Point Cloud\Debug\custombuild.read.1.tlog
C:\Users\meisu\Desktop\PointCloudProcessingTruong\Point-Cloud_Procesing_1_0\point_cloud_1_0_source_code\Point Cloud\Debug\custombuild.write.1.tlog
C:\USERS\MEISU\DESKTOP\POINTCLOUDPROCESSINGTRUONG\POINT-CLOUD_PROCESING_1_0\POINT_CLOUD_1_0_SOURCE_CODE\POINT CLOUD\DEBUG\DATAMGR.OBJ
C:\USERS\MEISU\DESKTOP\POINTCLOUDPROCESSINGTRUONG\POINT-CLOUD_PROCESING_1_0\POINT_CLOUD_1_0_SOURCE_CODE\POINT CLOUD\DEBUG\DLG_NORMAL_PARA.OBJ
C:\USERS\MEISU\DESKTOP\POINTCLOUDPROCESSINGTRUONG\POINT-CLOUD_PROCESING_1_0\POINT_CLOUD_1_0_SOURCE_CODE\POINT CLOUD\DEBUG\DLG_SKELETON_PARA.OBJ
C:\USERS\MEISU\DESKTOP\POINTCLOUDPROCESSINGTRUONG\POINT-CLOUD_PROCESING_1_0\POINT_CLOUD_1_0_SOURCE_CODE\POINT CLOUD\DEBUG\DLG_UPSAMPLING_PARA.OBJ
C:\USERS\MEISU\DESKTOP\POINTCLOUDPROCESSINGTRUONG\POINT-CLOUD_PROCESING_1_0\POINT_CLOUD_1_0_SOURCE_CODE\POINT CLOUD\DEBUG\DLG_WLOP_PARA.OBJ
C:\USERS\MEISU\DESKTOP\POINTCLOUDPROCESSINGTRUONG\POINT-CLOUD_PROCESING_1_0\POINT_CLOUD_1_0_SOURCE_CODE\POINT CLOUD\DEBUG\GLAREA.OBJ
C:\USERS\MEISU\DESKTOP\POINTCLOUDPROCESSINGTRUONG\POINT-CLOUD_PROCESING_1_0\POINT_CLOUD_1_0_SOURCE_CODE\POINT CLOUD\DEBUG\GLDRAWER.OBJ
C:\USERS\MEISU\DESKTOP\POINTCLOUDPROCESSINGTRUONG\POINT-CLOUD_PROCESING_1_0\POINT_CLOUD_1_0_SOURCE_CODE\POINT CLOUD\DEBUG\GLOBALFUNCTION.OBJ
C:\USERS\MEISU\DESKTOP\POINTCLOUDPROCESSINGTRUONG\POINT-CLOUD_PROCESING_1_0\POINT_CLOUD_1_0_SOURCE_CODE\POINT CLOUD\DEBUG\GRID.OBJ
C:\Users\meisu\Desktop\PointCloudProcessingTruong\Point-Cloud_Procesing_1_0\point_cloud_1_0_source_code\Point Cloud\Debug\link.command.1.tlog
C:\Users\meisu\Desktop\PointCloudProcessingTruong\Point-Cloud_Procesing_1_0\point_cloud_1_0_source_code\Point Cloud\Debug\link.read.1.tlog
C:\Users\meisu\Desktop\PointCloudProcessingTruong\Point-Cloud_Procesing_1_0\point_cloud_1_0_source_code\Point Cloud\Debug\link.write.1.tlog
C:\USERS\MEISU\DESKTOP\POINTCLOUDPROCESSINGTRUONG\POINT-CLOUD_PROCESING_1_0\POINT_CLOUD_1_0_SOURCE_CODE\POINT CLOUD\DEBUG\MAIN.OBJ
C:\USERS\MEISU\DESKTOP\POINTCLOUDPROCESSINGTRUONG\POINT-CLOUD_PROCESING_1_0\POINT_CLOUD_1_0_SOURCE_CODE\POINT CLOUD\DEBUG\MAINWINDOW.OBJ
C:\USERS\MEISU\DESKTOP\POINTCLOUDPROCESSINGTRUONG\POINT-CLOUD_PROCESING_1_0\POINT_CLOUD_1_0_SOURCE_CODE\POINT CLOUD\DEBUG\MOC_CALCULATIONTHREAD.OBJ
C:\USERS\MEISU\DESKTOP\POINTCLOUDPROCESSINGTRUONG\POINT-CLOUD_PROCESING_1_0\POINT_CLOUD_1_0_SOURCE_CODE\POINT CLOUD\DEBUG\MOC_DLG_NORMAL_PARA.OBJ
C:\USERS\MEISU\DESKTOP\POINTCLOUDPROCESSINGTRUONG\POINT-CLOUD_PROCESING_1_0\POINT_CLOUD_1_0_SOURCE_CODE\POINT CLOUD\DEBUG\MOC_DLG_SKELETON_PARA.OBJ
C:\USERS\MEISU\DESKTOP\POINTCLOUDPROCESSINGTRUONG\POINT-CLOUD_PROCESING_1_0\POINT_CLOUD_1_0_SOURCE_CODE\POINT CLOUD\DEBUG\MOC_DLG_UPSAMPLING_PARA.OBJ
C:\USERS\MEISU\DESKTOP\POINTCLOUDPROCESSINGTRUONG\POINT-CLOUD_PROCESING_1_0\POINT_CLOUD_1_0_SOURCE_CODE\POINT CLOUD\DEBUG\MOC_DLG_WLOP_PARA.OBJ
C:\USERS\MEISU\DESKTOP\POINTCLOUDPROCESSINGTRUONG\POINT-CLOUD_PROCESING_1_0\POINT_CLOUD_1_0_SOURCE_CODE\POINT CLOUD\DEBUG\MOC_GLAREA.OBJ
C:\USERS\MEISU\DESKTOP\POINTCLOUDPROCESSINGTRUONG\POINT-CLOUD_PROCESING_1_0\POINT_CLOUD_1_0_SOURCE_CODE\POINT CLOUD\DEBUG\MOC_MAINWINDOW.OBJ
C:\USERS\MEISU\DESKTOP\POINTCLOUDPROCESSINGTRUONG\POINT-CLOUD_PROCESING_1_0\POINT_CLOUD_1_0_SOURCE_CODE\POINT CLOUD\DEBUG\MOC_STD_PARA_DLG.OBJ
C:\Users\meisu\Desktop\PointCloudProcessingTruong\Point-Cloud_Procesing_1_0\point_cloud_1_0_source_code\Point Cloud\Debug\mt.command.1.tlog
C:\Users\meisu\Desktop\PointCloudProcessingTruong\Point-Cloud_Procesing_1_0\point_cloud_1_0_source_code\Point Cloud\Debug\mt.read.1.tlog
C:\Users\meisu\Desktop\PointCloudProcessingTruong\Point-Cloud_Procesing_1_0\point_cloud_1_0_source_code\Point Cloud\Debug\mt.write.1.tlog
C:\USERS\MEISU\DESKTOP\POINTCLOUDPROCESSINGTRUONG\POINT-CLOUD_PROCESING_1_0\POINT_CLOUD_1_0_SOURCE_CODE\POINT CLOUD\DEBUG\NORMALSMOOTHER.OBJ
C:\USERS\MEISU\DESKTOP\POINTCLOUDPROCESSINGTRUONG\POINT-CLOUD_PROCESING_1_0\POINT_CLOUD_1_0_SOURCE_CODE\POINT CLOUD\DEBUG\PARAMETER.OBJ
C:\USERS\MEISU\DESKTOP\POINTCLOUDPROCESSINGTRUONG\POINT-CLOUD_PROCESING_1_0\POINT_CLOUD_1_0_SOURCE_CODE\POINT CLOUD\DEBUG\PARAMETERMGR.OBJ
C:\USERS\MEISU\DESKTOP\POINTCLOUDPROCESSINGTRUONG\POINT-CLOUD_PROCESING_1_0\POINT_CLOUD_1_0_SOURCE_CODE\POINT CLOUD\DEBUG\PLYLIB.OBJ
C:\USERS\MEISU\DESKTOP\POINTCLOUDPROCESSINGTRUONG\POINT-CLOUD_PROCESING_1_0\POINT_CLOUD_1_0_SOURCE_CODE\POINT CLOUD\DEBUG\POINTCLOUD.EXE.INTERMEDIATE.MANIFEST
C:\Users\meisu\Desktop\PointCloudProcessingTruong\Point-Cloud_Procesing_1_0\point_cloud_1_0_source_code\Point Cloud\Debug\PointCloud.write.1.tlog
C:\USERS\MEISU\DESKTOP\POINTCLOUDPROCESSINGTRUONG\POINT-CLOUD_PROCESING_1_0\POINT_CLOUD_1_0_SOURCE_CODE\POINT CLOUD\DEBUG\QRC_MAINWINDOW.OBJ
C:\USERS\MEISU\DESKTOP\POINTCLOUDPROCESSINGTRUONG\POINT-CLOUD_PROCESING_1_0\POINT_CLOUD_1_0_SOURCE_CODE\POINT CLOUD\DEBUG\SKELETON.OBJ
C:\USERS\MEISU\DESKTOP\POINTCLOUDPROCESSINGTRUONG\POINT-CLOUD_PROCESING_1_0\POINT_CLOUD_1_0_SOURCE_CODE\POINT CLOUD\DEBUG\SKELETONIZATION.OBJ
C:\USERS\MEISU\DESKTOP\POINTCLOUDPROCESSINGTRUONG\POINT-CLOUD_PROCESING_1_0\POINT_CLOUD_1_0_SOURCE_CODE\POINT CLOUD\DEBUG\STD_PARA_DLG.OBJ
C:\USERS\MEISU\DESKTOP\POINTCLOUDPROCESSINGTRUONG\POINT-CLOUD_PROCESING_1_0\POINT_CLOUD_1_0_SOURCE_CODE\POINT CLOUD\DEBUG\TRACKBALL.OBJ
C:\USERS\MEISU\DESKTOP\POINTCLOUDPROCESSINGTRUONG\POINT-CLOUD_PROCESING_1_0\POINT_CLOUD_1_0_SOURCE_CODE\POINT CLOUD\DEBUG\TRACKMODE.OBJ
C:\USERS\MEISU\DESKTOP\POINTCLOUDPROCESSINGTRUONG\POINT-CLOUD_PROCESING_1_0\POINT_CLOUD_1_0_SOURCE_CODE\POINT CLOUD\DEBUG\UPSAMPLER.OBJ
C:\USERS\MEISU\DESKTOP\POINTCLOUDPROCESSINGTRUONG\POINT-CLOUD_PROCESING_1_0\POINT_CLOUD_1_0_SOURCE_CODE\POINT CLOUD\DEBUG\VC100.PDB
C:\USERS\MEISU\DESKTOP\POINTCLOUDPROCESSINGTRUONG\POINT-CLOUD_PROCESING_1_0\POINT_CLOUD_1_0_SOURCE_CODE\POINT CLOUD\DEBUG\WLOP.OBJ
C:\USERS\MEISU\DESKTOP\POINTCLOUDPROCESSINGTRUONG\POINT-CLOUD_PROCESING_1_0\POINT_CLOUD_1_0_SOURCE_CODE\POINT CLOUD\GENERATEDFILES\DEBUG\MOC_CALCULATIONTHREAD.CPP
C:\USERS\MEISU\DESKTOP\POINTCLOUDPROCESSINGTRUONG\POINT-CLOUD_PROCESING_1_0\POINT_CLOUD_1_0_SOURCE_CODE\POINT CLOUD\GENERATEDFILES\DEBUG\MOC_DLG_NORMAL_PARA.CPP
C:\USERS\MEISU\DESKTOP\POINTCLOUDPROCESSINGTRUONG\POINT-CLOUD_PROCESING_1_0\POINT_CLOUD_1_0_SOURCE_CODE\POINT CLOUD\GENERATEDFILES\DEBUG\MOC_DLG_SKELETON_PARA.CPP
C:\USERS\MEISU\DESKTOP\POINTCLOUDPROCESSINGTRUONG\POINT-CLOUD_PROCESING_1_0\POINT_CLOUD_1_0_SOURCE_CODE\POINT CLOUD\GENERATEDFILES\DEBUG\MOC_DLG_UPSAMPLING_PARA.CPP
C:\USERS\MEISU\DESKTOP\POINTCLOUDPROCESSINGTRUONG\POINT-CLOUD_PROCESING_1_0\POINT_CLOUD_1_0_SOURCE_CODE\POINT CLOUD\GENERATEDFILES\DEBUG\MOC_DLG_WLOP_PARA.CPP
C:\USERS\MEISU\DESKTOP\POINTCLOUDPROCESSINGTRUONG\POINT-CLOUD_PROCESING_1_0\POINT_CLOUD_1_0_SOURCE_CODE\POINT CLOUD\GENERATEDFILES\DEBUG\MOC_GLAREA.CPP
C:\USERS\MEISU\DESKTOP\POINTCLOUDPROCESSINGTRUONG\POINT-CLOUD_PROCESING_1_0\POINT_CLOUD_1_0_SOURCE_CODE\POINT CLOUD\GENERATEDFILES\DEBUG\MOC_MAINWINDOW.CPP
C:\USERS\MEISU\DESKTOP\POINTCLOUDPROCESSINGTRUONG\POINT-CLOUD_PROCESING_1_0\POINT_CLOUD_1_0_SOURCE_CODE\POINT CLOUD\GENERATEDFILES\DEBUG\MOC_STD_PARA_DLG.CPP
C:\USERS\MEISU\DESKTOP\POINTCLOUDPROCESSINGTRUONG\POINT-CLOUD_PROCESING_1_0\POINT_CLOUD_1_0_SOURCE_CODE\POINT CLOUD\GENERATEDFILES\QRC_MAINWINDOW.CPP
C:\USERS\MEISU\DESKTOP\POINTCLOUDPROCESSINGTRUONG\POINT-CLOUD_PROCESING_1_0\POINT_CLOUD_1_0_SOURCE_CODE\POINT CLOUD\GENERATEDFILES\UI_MAINWINDOW.H
C:\USERS\MEISU\DESKTOP\POINTCLOUDPROCESSINGTRUONG\POINT-CLOUD_PROCESING_1_0\POINT_CLOUD_1_0_SOURCE_CODE\POINT CLOUD\GENERATEDFILES\UI_NORMAL_PARA.H
C:\USERS\MEISU\DESKTOP\POINTCLOUDPROCESSINGTRUONG\POINT-CLOUD_PROCESING_1_0\POINT_CLOUD_1_0_SOURCE_CODE\POINT CLOUD\GENERATEDFILES\UI_PARA_SKELETONIZATION.H
C:\USERS\MEISU\DESKTOP\POINTCLOUDPROCESSINGTRUONG\POINT-CLOUD_PROCESING_1_0\POINT_CLOUD_1_0_SOURCE_CODE\POINT CLOUD\GENERATEDFILES\UI_PARA_WLOP.H
C:\USERS\MEISU\DESKTOP\POINTCLOUDPROCESSINGTRUONG\POINT-CLOUD_PROCESING_1_0\POINT_CLOUD_1_0_SOURCE_CODE\POINT CLOUD\GENERATEDFILES\UI_UPSAMPLING_PARA.H
