D:\INCLUDELIB\ANN_1.1.2\MS_WIN64\BIN\ANN.DLL
D:\IncludeLib\ann_1.1.2\MS_Win64\dll\.\Release\dll.dll.intermediate.manifest
D:\IncludeLib\ann_1.1.2\MS_Win64\dll\Release\ANN.exp
D:\IncludeLib\ann_1.1.2\MS_Win64\dll\Release\ANN.lib
D:\INCLUDELIB\ANN_1.1.2\MS_WIN64\DLL\RELEASE\ANN.OBJ
D:\INCLUDELIB\ANN_1.1.2\MS_WIN64\DLL\RELEASE\BD_FIX_RAD_SEARCH.OBJ
D:\INCLUDELIB\ANN_1.1.2\MS_WIN64\DLL\RELEASE\BD_PR_SEARCH.OBJ
D:\INCLUDELIB\ANN_1.1.2\MS_WIN64\DLL\RELEASE\BD_SEARCH.OBJ
D:\INCLUDELIB\ANN_1.1.2\MS_WIN64\DLL\RELEASE\BD_TREE.OBJ
D:\INCLUDELIB\ANN_1.1.2\MS_WIN64\DLL\RELEASE\BRUTE.OBJ
D:\IncludeLib\ann_1.1.2\MS_Win64\dll\Release\cl.command.1.tlog
D:\IncludeLib\ann_1.1.2\MS_Win64\dll\Release\CL.read.1.tlog
D:\IncludeLib\ann_1.1.2\MS_Win64\dll\Release\CL.write.1.tlog
D:\INCLUDELIB\ANN_1.1.2\MS_WIN64\DLL\RELEASE\DLL.DLL.INTERMEDIATE.MANIFEST
D:\IncludeLib\ann_1.1.2\MS_Win64\dll\Release\dll.write.1.tlog
D:\INCLUDELIB\ANN_1.1.2\MS_WIN64\DLL\RELEASE\KD_DUMP.OBJ
D:\INCLUDELIB\ANN_1.1.2\MS_WIN64\DLL\RELEASE\KD_FIX_RAD_SEARCH.OBJ
D:\INCLUDELIB\ANN_1.1.2\MS_WIN64\DLL\RELEASE\KD_PR_SEARCH.OBJ
D:\INCLUDELIB\ANN_1.1.2\MS_WIN64\DLL\RELEASE\KD_SEARCH.OBJ
D:\INCLUDELIB\ANN_1.1.2\MS_WIN64\DLL\RELEASE\KD_SPLIT.OBJ
D:\INCLUDELIB\ANN_1.1.2\MS_WIN64\DLL\RELEASE\KD_TREE.OBJ
D:\INCLUDELIB\ANN_1.1.2\MS_WIN64\DLL\RELEASE\KD_UTIL.OBJ
D:\IncludeLib\ann_1.1.2\MS_Win64\dll\Release\link.command.1.tlog
D:\IncludeLib\ann_1.1.2\MS_Win64\dll\Release\link.read.1.tlog
D:\IncludeLib\ann_1.1.2\MS_Win64\dll\Release\link.write.1.tlog
D:\IncludeLib\ann_1.1.2\MS_Win64\dll\Release\mt.command.1.tlog
D:\IncludeLib\ann_1.1.2\MS_Win64\dll\Release\mt.read.1.tlog
D:\IncludeLib\ann_1.1.2\MS_Win64\dll\Release\mt.write.1.tlog
D:\INCLUDELIB\ANN_1.1.2\MS_WIN64\DLL\RELEASE\PERF.OBJ
D:\INCLUDELIB\ANN_1.1.2\MS_WIN64\DLL\RELEASE\VC100.PDB
