Build started 2013/3/7 13:57:50.
     1>Project "D:\IncludeLib\ann_1.1.2\MS_Win64\sample\sample.vcxproj" on node 2 (build target(s)).
     1>InitializeBuildStatus:
         Creating ".\Release\sample.unsuccessfulbuild" because "AlwaysCreate" was specified.
       ClCompile:
         C:\Program Files (x86)\Microsoft Visual Studio 10.0\VC\bin\x86_amd64\CL.exe /c /I..\..\include /Zi /nologo /W3 /WX- /O2 /Ob1 /D WIN32 /D NDEBUG /D _CONSOLE /D ANN_NO_RANDOM /D _CRT_SECURE_NO_DEPRECATE /D _VC80_UPGRADE=0x0710 /D _MBCS /D _AFXDLL /GF /Gm- /EHsc /MD /GS /Gy /fp:precise /Zc:wchar_t /Zc:forScope /Fo".\Release/" /Fd".\Release/vc100.pdb" /Gd /TP /errorReport:prompt ..\..\sample\ann_sample.cpp
         ann_sample.cpp
     1>C:\Program Files (x86)\MSBuild\Microsoft.Cpp\v4.0\Microsoft.CppBuild.targets(990,5): warning MSB8012: TargetPath(D:\IncludeLib\ann_1.1.2\MS_Win64\sample\.\Release\sample.exe) does not match the Linker's OutputFile property value (D:\IncludeLib\ann_1.1.2\MS_Win64\bin\ann_sample.exe). This may cause your project to build incorrectly. To correct this, please make sure that $(OutDir), $(TargetName) and $(TargetExt) property values match the value specified in %(Link.OutputFile).
     1>C:\Program Files (x86)\MSBuild\Microsoft.Cpp\v4.0\Microsoft.CppBuild.targets(992,5): warning MSB8012: TargetName(sample) does not match the Linker's OutputFile property value (ann_sample). This may cause your project to build incorrectly. To correct this, please make sure that $(OutDir), $(TargetName) and $(TargetExt) property values match the value specified in %(Link.OutputFile).
       Link:
         C:\Program Files (x86)\Microsoft Visual Studio 10.0\VC\bin\x86_amd64\link.exe /ERRORREPORT:PROMPT /OUT:"..\bin\ann_sample.exe" /INCREMENTAL:NO /NOLOGO kernel32.lib user32.lib gdi32.lib winspool.lib comdlg32.lib advapi32.lib shell32.lib ole32.lib oleaut32.lib uuid.lib odbc32.lib odbccp32.lib /MANIFEST /ManifestFile:".\Release\sample.exe.intermediate.manifest" /MANIFESTUAC:"level='asInvoker' uiAccess='false'" /PDB:".\Release/sample.pdb" /SUBSYSTEM:CONSOLE /TLBID:1 /DYNAMICBASE:NO /IMPLIB:".\Release\sample.lib" /MACHINE:X64 .\Release/ann_sample.obj
         D:\IncludeLib\ann_1.1.2\MS_Win64\dll\Release\ANN.lib
         sample.vcxproj -> D:\IncludeLib\ann_1.1.2\MS_Win64\sample\.\Release\sample.exe
       Manifest:
         C:\Program Files (x86)\Microsoft SDKs\Windows\v7.0A\bin\mt.exe /nologo /verbose /outputresource:"..\bin\ann_sample.exe;#1" /manifest .\Release\sample.exe.intermediate.manifest "C:\Program Files (x86)\Microsoft Visual Studio 10.0\VC\Include\Manifest\dpiaware.manifest"
       FinalizeBuildStatus:
         Deleting file ".\Release\sample.unsuccessfulbuild".
         Touching ".\Release\sample.lastbuildstate".
     1>Done Building Project "D:\IncludeLib\ann_1.1.2\MS_Win64\sample\sample.vcxproj" (build target(s)).

Build succeeded.

Time Elapsed 00:00:00.83
