D:\INCLUDELIB\ANN_1.1.2\MS_WIN32\BIN\ANN.DLL
D:\INCLUDELIB\ANN_1.1.2\MS_WIN32\BIN\ANN.ILK
D:\IncludeLib\ann_1.1.2\MS_Win32\dll\Debug\ANN.exp
D:\IncludeLib\ann_1.1.2\MS_Win32\dll\Debug\ANN.lib
D:\INCLUDELIB\ANN_1.1.2\MS_WIN32\DLL\DEBUG\ANN.OBJ
D:\INCLUDELIB\ANN_1.1.2\MS_WIN32\DLL\DEBUG\ANN.PDB
D:\INCLUDELIB\ANN_1.1.2\MS_WIN32\DLL\DEBUG\BD_FIX_RAD_SEARCH.OBJ
D:\INCLUDELIB\ANN_1.1.2\MS_WIN32\DLL\DEBUG\BD_PR_SEARCH.OBJ
D:\INCLUDELIB\ANN_1.1.2\MS_WIN32\DLL\DEBUG\BD_SEARCH.OBJ
D:\INCLUDELIB\ANN_1.1.2\MS_WIN32\DLL\DEBUG\BD_TREE.OBJ
D:\INCLUDELIB\ANN_1.1.2\MS_WIN32\DLL\DEBUG\BRUTE.OBJ
D:\INCLUDELIB\ANN_1.1.2\MS_WIN32\DLL\DEBUG\DLL.DLL.INTERMEDIATE.MANIFEST
D:\INCLUDELIB\ANN_1.1.2\MS_WIN32\DLL\DEBUG\KD_DUMP.OBJ
D:\INCLUDELIB\ANN_1.1.2\MS_WIN32\DLL\DEBUG\KD_FIX_RAD_SEARCH.OBJ
D:\INCLUDELIB\ANN_1.1.2\MS_WIN32\DLL\DEBUG\KD_PR_SEARCH.OBJ
D:\INCLUDELIB\ANN_1.1.2\MS_WIN32\DLL\DEBUG\KD_SEARCH.OBJ
D:\INCLUDELIB\ANN_1.1.2\MS_WIN32\DLL\DEBUG\KD_SPLIT.OBJ
D:\INCLUDELIB\ANN_1.1.2\MS_WIN32\DLL\DEBUG\KD_TREE.OBJ
D:\INCLUDELIB\ANN_1.1.2\MS_WIN32\DLL\DEBUG\KD_UTIL.OBJ
D:\INCLUDELIB\ANN_1.1.2\MS_WIN32\DLL\DEBUG\PERF.OBJ
D:\INCLUDELIB\ANN_1.1.2\MS_WIN32\DLL\DEBUG\VC100.PDB
D:\INCLUDELIB\ANN_1.1.2\MS_WIN64\BIN\ANN.DLL
D:\INCLUDELIB\ANN_1.1.2\MS_WIN64\BIN\ANN.ILK
D:\IncludeLib\ann_1.1.2\MS_Win64\dll\.\Debug\dll.dll.intermediate.manifest
D:\IncludeLib\ann_1.1.2\MS_Win64\dll\Debug\ANN.exp
D:\IncludeLib\ann_1.1.2\MS_Win64\dll\Debug\ANN.lib
D:\IncludeLib\ann_1.1.2\MS_Win64\dll\Debug\ANN.obj
D:\INCLUDELIB\ANN_1.1.2\MS_WIN64\DLL\DEBUG\ANN.PDB
D:\IncludeLib\ann_1.1.2\MS_Win64\dll\Debug\bd_fix_rad_search.obj
D:\IncludeLib\ann_1.1.2\MS_Win64\dll\Debug\bd_pr_search.obj
D:\IncludeLib\ann_1.1.2\MS_Win64\dll\Debug\bd_search.obj
D:\IncludeLib\ann_1.1.2\MS_Win64\dll\Debug\bd_tree.obj
D:\IncludeLib\ann_1.1.2\MS_Win64\dll\Debug\brute.obj
D:\IncludeLib\ann_1.1.2\MS_Win64\dll\Debug\cl.command.1.tlog
D:\IncludeLib\ann_1.1.2\MS_Win64\dll\Debug\CL.read.1.tlog
D:\IncludeLib\ann_1.1.2\MS_Win64\dll\Debug\CL.write.1.tlog
D:\INCLUDELIB\ANN_1.1.2\MS_WIN64\DLL\DEBUG\DLL.DLL.INTERMEDIATE.MANIFEST
D:\IncludeLib\ann_1.1.2\MS_Win64\dll\Debug\dll.write.1.tlog
D:\IncludeLib\ann_1.1.2\MS_Win64\dll\Debug\kd_dump.obj
D:\IncludeLib\ann_1.1.2\MS_Win64\dll\Debug\kd_fix_rad_search.obj
D:\IncludeLib\ann_1.1.2\MS_Win64\dll\Debug\kd_pr_search.obj
D:\IncludeLib\ann_1.1.2\MS_Win64\dll\Debug\kd_search.obj
D:\IncludeLib\ann_1.1.2\MS_Win64\dll\Debug\kd_split.obj
D:\IncludeLib\ann_1.1.2\MS_Win64\dll\Debug\kd_tree.obj
D:\IncludeLib\ann_1.1.2\MS_Win64\dll\Debug\kd_util.obj
D:\IncludeLib\ann_1.1.2\MS_Win64\dll\Debug\link.command.1.tlog
D:\IncludeLib\ann_1.1.2\MS_Win64\dll\Debug\link.read.1.tlog
D:\IncludeLib\ann_1.1.2\MS_Win64\dll\Debug\link.write.1.tlog
D:\IncludeLib\ann_1.1.2\MS_Win64\dll\Debug\mt.command.1.tlog
D:\IncludeLib\ann_1.1.2\MS_Win64\dll\Debug\mt.read.1.tlog
D:\IncludeLib\ann_1.1.2\MS_Win64\dll\Debug\mt.write.1.tlog
D:\IncludeLib\ann_1.1.2\MS_Win64\dll\Debug\perf.obj
D:\IncludeLib\ann_1.1.2\MS_Win64\dll\Debug\vc100.pdb
